# JRE version: OpenJDK Runtime Environment (8.0_292-b10) (build 1.8.0_292-b10)
# Java VM: OpenJDK 64-Bit Server VM (25.292-b10 mixed mode windows-amd64 compressed oops)
Heap:
 PSYoungGen      total 5285376K, used 44544K [0x000000066b100000, 0x00000007c0000000, 0x00000007c0000000)
  eden space 5240832K, 0% used [0x000000066b100000,0x000000066b100000,0x00000007aaf00000)
  from space 44544K, 100% used [0x00000007bd480000,0x00000007c0000000,0x00000007c0000000)
  to   space 172544K, 0% used [0x00000007aaf00000,0x00000007aaf00000,0x00000007b5780000)
 ParOldGen       total 1261056K, used 1148279K [0x00000003c1200000, 0x000000040e180000, 0x000000066b100000)
  object space 1261056K, 91% used [0x00000003c1200000,0x000000040735de60,0x000000040e180000)
 Metaspace       used 109081K, capacity 123080K, committed 123264K, reserved 1155072K
  class space    used 15272K, capacity 18462K, committed 18560K, reserved 1048576K
GC Heap History (10 events):
Event: 710.662 GC heap after
Heap after GC invocations=119 (full 5):
 PSYoungGen      total 5532160K, used 22592K [0x000000066b100000, 0x00000007bfa00000, 0x00000007c0000000)
  eden space 5491712K, 0% used [0x000000066b100000,0x000000066b100000,0x00000007ba400000)
  from space 40448K, 55% used [0x00000007bd280000,0x00000007be890000,0x00000007bfa00000)
  to   space 44032K, 0% used [0x00000007ba400000,0x00000007ba400000,0x00000007bcf00000)
 ParOldGen       total 1261056K, used 817865K [0x00000003c1200000, 0x000000040e180000, 0x000000066b100000)
  object space 1261056K, 64% used [0x00000003c1200000,0x00000003f30b2520,0x000000040e180000)
 Metaspace       used 109081K, capacity 123080K, committed 123264K, reserved 1155072K
  class space    used 15272K, capacity 18462K, committed 18560K, reserved 1048576K
}
Event: 717.867 GC heap before
{Heap before GC invocations=120 (full 5):
 PSYoungGen      total 5532160K, used 5514304K [0x000000066b100000, 0x00000007bfa00000, 0x00000007c0000000)
  eden space 5491712K, 100% used [0x000000066b100000,0x00000007ba400000,0x00000007ba400000)
  from space 40448K, 55% used [0x00000007bd280000,0x00000007be890000,0x00000007bfa00000)
  to   space 44032K, 0% used [0x00000007ba400000,0x00000007ba400000,0x00000007bcf00000)
 ParOldGen       total 1261056K, used 817865K [0x00000003c1200000, 0x000000040e180000, 0x000000066b100000)
  object space 1261056K, 64% used [0x00000003c1200000,0x00000003f30b2520,0x000000040e180000)
 Metaspace       used 109081K, capacity 123080K, committed 123264K, reserved 1155072K
  class space    used 15272K, capacity 18462K, committed 18560K, reserved 1048576K
Event: 718.033 GC heap after
Heap after GC invocations=120 (full 5):
 PSYoungGen      total 5535744K, used 26560K [0x000000066b100000, 0x00000007c0000000, 0x00000007c0000000)
  eden space 5491712K, 0% used [0x000000066b100000,0x000000066b100000,0x00000007ba400000)
  from space 44032K, 60% used [0x00000007ba400000,0x00000007bbdf0000,0x00000007bcf00000)
  to   space 43520K, 0% used [0x00000007bd580000,0x00000007bd580000,0x00000007c0000000)
 ParOldGen       total 1261056K, used 817865K [0x00000003c1200000, 0x000000040e180000, 0x000000066b100000)
  object space 1261056K, 64% used [0x00000003c1200000,0x00000003f30b2520,0x000000040e180000)
 Metaspace       used 109081K, capacity 123080K, committed 123264K, reserved 1155072K
  class space    used 15272K, capacity 18462K, committed 18560K, reserved 1048576K
}
Event: 725.501 GC heap before
{Heap before GC invocations=121 (full 5):
 PSYoungGen      total 5535744K, used 5518272K [0x000000066b100000, 0x00000007c0000000, 0x00000007c0000000)
  eden space 5491712K, 100% used [0x000000066b100000,0x00000007ba400000,0x00000007ba400000)
  from space 44032K, 60% used [0x00000007ba400000,0x00000007bbdf0000,0x00000007bcf00000)
  to   space 43520K, 0% used [0x00000007bd580000,0x00000007bd580000,0x00000007c0000000)
 ParOldGen       total 1261056K, used 817865K [0x00000003c1200000, 0x000000040e180000, 0x000000066b100000)
  object space 1261056K, 64% used [0x00000003c1200000,0x00000003f30b2520,0x000000040e180000)
 Metaspace       used 109081K, capacity 123080K, committed 123264K, reserved 1155072K
  class space    used 15272K, capacity 18462K, committed 18560K, reserved 1048576K
Event: 725.706 GC heap after
Heap after GC invocations=121 (full 5):
 PSYoungGen      total 5540352K, used 30688K [0x000000066b100000, 0x00000007c0000000, 0x00000007c0000000)
  eden space 5496832K, 0% used [0x000000066b100000,0x000000066b100000,0x00000007ba900000)
  from space 43520K, 70% used [0x00000007bd580000,0x00000007bf378000,0x00000007c0000000)
  to   space 44544K, 0% used [0x00000007ba900000,0x00000007ba900000,0x00000007bd480000)
 ParOldGen       total 1261056K, used 817865K [0x00000003c1200000, 0x000000040e180000, 0x000000066b100000)
  object space 1261056K, 64% used [0x00000003c1200000,0x00000003f30b2520,0x000000040e180000)
 Metaspace       used 109081K, capacity 123080K, committed 123264K, reserved 1155072K
  class space    used 15272K, capacity 18462K, committed 18560K, reserved 1048576K
}
Event: 733.077 GC heap before
{Heap before GC invocations=122 (full 5):
 PSYoungGen      total 5540352K, used 5527520K [0x000000066b100000, 0x00000007c0000000, 0x00000007c0000000)
  eden space 5496832K, 100% used [0x000000066b100000,0x00000007ba900000,0x00000007ba900000)
  from space 43520K, 70% used [0x00000007bd580000,0x00000007bf378000,0x00000007c0000000)
  to   space 44544K, 0% used [0x00000007ba900000,0x00000007ba900000,0x00000007bd480000)
 ParOldGen       total 1261056K, used 817865K [0x00000003c1200000, 0x000000040e180000, 0x000000066b100000)
  object space 1261056K, 64% used [0x00000003c1200000,0x00000003f30b2520,0x000000040e180000)
 Metaspace       used 109081K, capacity 123080K, committed 123264K, reserved 1155072K
  class space    used 15272K, capacity 18462K, committed 18560K, reserved 1048576K
Event: 733.302 GC heap after
Heap after GC invocations=122 (full 5):
 PSYoungGen      total 5541376K, used 44544K [0x000000066b100000, 0x00000007c0000000, 0x00000007c0000000)
  eden space 5496832K, 0% used [0x000000066b100000,0x000000066b100000,0x00000007ba900000)
  from space 44544K, 100% used [0x00000007ba900000,0x00000007bd480000,0x00000007bd480000)
  to   space 44544K, 0% used [0x00000007bd480000,0x00000007bd480000,0x00000007c0000000)
 ParOldGen       total 1261056K, used 886216K [0x00000003c1200000, 0x000000040e180000, 0x000000066b100000)
  object space 1261056K, 70% used [0x00000003c1200000,0x00000003f7372020,0x000000040e180000)
 Metaspace       used 109081K, capacity 123080K, committed 123264K, reserved 1155072K
  class space    used 15272K, capacity 18462K, committed 18560K, reserved 1048576K
}
Event: 741.068 GC heap before
{Heap before GC invocations=123 (full 5):
 PSYoungGen      total 5541376K, used 5541376K [0x000000066b100000, 0x00000007c0000000, 0x00000007c0000000)
  eden space 5496832K, 100% used [0x000000066b100000,0x00000007ba900000,0x00000007ba900000)
  from space 44544K, 100% used [0x00000007ba900000,0x00000007bd480000,0x00000007bd480000)
  to   space 44544K, 0% used [0x00000007bd480000,0x00000007bd480000,0x00000007c0000000)
 ParOldGen       total 1261056K, used 886216K [0x00000003c1200000, 0x000000040e180000, 0x000000066b100000)
  object space 1261056K, 70% used [0x00000003c1200000,0x00000003f7372020,0x000000040e180000)
 Metaspace       used 109081K, capacity 123080K, committed 123264K, reserved 1155072K
  class space    used 15272K, capacity 18462K, committed 18560K, reserved 1048576K
Event: 741.156 GC heap after
Heap after GC invocations=123 (full 5):
 PSYoungGen      total 5285376K, used 44544K [0x000000066b100000, 0x00000007c0000000, 0x00000007c0000000)
  eden space 5240832K, 0% used [0x000000066b100000,0x000000066b100000,0x00000007aaf00000)
  from space 44544K, 100% used [0x00000007bd480000,0x00000007c0000000,0x00000007c0000000)
  to   space 172544K, 0% used [0x00000007aaf00000,0x00000007aaf00000,0x00000007b5780000)
 ParOldGen       total 1261056K, used 1148279K [0x00000003c1200000, 0x000000040e180000, 0x000000066b100000)
  object space 1261056K, 91% used [0x00000003c1200000,0x000000040735de60,0x000000040e180000)
 Metaspace       used 109081K, capacity 123080K, committed 123264K, reserved 1155072K
  class space    used 15272K, capacity 18462K, committed 18560K, reserved 1048576K
}
Event: 741.156 GC heap before
{Heap before GC invocations=124 (full 6):
 PSYoungGen      total 5285376K, used 44544K [0x000000066b100000, 0x00000007c0000000, 0x00000007c0000000)
  eden space 5240832K, 0% used [0x000000066b100000,0x000000066b100000,0x00000007aaf00000)
  from space 44544K, 100% used [0x00000007bd480000,0x00000007c0000000,0x00000007c0000000)
  to   space 172544K, 0% used [0x00000007aaf00000,0x00000007aaf00000,0x00000007b5780000)
 ParOldGen       total 1261056K, used 1148279K [0x00000003c1200000, 0x000000040e180000, 0x000000066b100000)
  object space 1261056K, 91% used [0x00000003c1200000,0x000000040735de60,0x000000040e180000)
 Metaspace       used 109081K, capacity 123080K, committed 123264K, reserved 1155072K
  class space    used 15272K, capacity 18462K, committed 18560K, reserved 1048576K

